# JRE version: OpenJDK Runtime Environment Temurin-21.0.9+10 (21.0.9+10) (build 21.0.9+10-LTS)
# Java VM: OpenJDK 64-Bit Server VM Temurin-21.0.9+10 (21.0.9+10-LTS, mixed mode, sharing, tiered, compressed oops, compressed class ptrs, parallel gc, windows-amd64)
GC Precious Log:
 CardTable entry size: 512
 CPUs: 8 total, 8 available
 Memory: 16220M
 Large Page Support: Disabled
 NUMA Support: Disabled
 Compressed Oops: Enabled (32-bit)
 Alignments: Space 512K, Generation 512K, Heap 2M
 Heap Min Capacity: 100M
 Heap Initial Capacity: 100M
 Heap Max Capacity: 2G
 Pre-touch: Disabled
 Parallel Workers: 8
Heap:
 PSYoungGen      total 23040K, used 10283K [0x00000000d5580000, 0x00000000d7080000, 0x0000000100000000)
  eden space 22016K, 42% used [0x00000000d5580000,0x00000000d5e92528,0x00000000d6b00000)
  from space 1024K, 97% used [0x00000000d6e80000,0x00000000d6f787c8,0x00000000d6f80000)
  to   space 1024K, 0% used [0x00000000d6f80000,0x00000000d6f80000,0x00000000d7080000)
 ParOldGen       total 68608K, used 18302K [0x0000000080000000, 0x0000000084300000, 0x00000000d5580000)
  object space 68608K, 26% used [0x0000000080000000,0x00000000811df920,0x0000000084300000)
 Metaspace       used 38924K, committed 40064K, reserved 1114112K
  class space    used 4160K, committed 4608K, reserved 1048576K
GC Heap History (20 events):
Event: 30.173 GC heap before
{Heap before GC invocations=8 (full 1):
 PSYoungGen      total 29184K, used 4283K [0x00000000d5580000, 0x00000000d7680000, 0x0000000100000000)
  eden space 24576K, 0% used [0x00000000d5580000,0x00000000d5580000,0x00000000d6d80000)
  from space 4608K, 92% used [0x00000000d6e80000,0x00000000d72aee78,0x00000000d7300000)
  to   space 3584K, 0% used [0x00000000d7300000,0x00000000d7300000,0x00000000d7680000)
 ParOldGen       total 68608K, used 9607K [0x0000000080000000, 0x0000000084300000, 0x00000000d5580000)
  object space 68608K, 14% used [0x0000000080000000,0x0000000080961fa8,0x0000000084300000)
 Metaspace       used 20632K, committed 21504K, reserved 1114112K
  class space    used 2186K, committed 2560K, reserved 1048576K
}
Event: 30.207 GC heap after
{Heap after GC invocations=8 (full 1):
 PSYoungGen      total 29184K, used 0K [0x00000000d5580000, 0x00000000d7680000, 0x0000000100000000)
  eden space 24576K, 0% used [0x00000000d5580000,0x00000000d5580000,0x00000000d6d80000)
  from space 4608K, 0% used [0x00000000d6e80000,0x00000000d6e80000,0x00000000d7300000)
  to   space 3584K, 0% used [0x00000000d7300000,0x00000000d7300000,0x00000000d7680000)
 ParOldGen       total 68608K, used 12747K [0x0000000080000000, 0x0000000084300000, 0x00000000d5580000)
  object space 68608K, 18% used [0x0000000080000000,0x0000000080c72e68,0x0000000084300000)
 Metaspace       used 20619K, committed 21504K, reserved 1114112K
  class space    used 2183K, committed 2560K, reserved 1048576K
}
Event: 31.440 GC heap before
{Heap before GC invocations=9 (full 1):
 PSYoungGen      total 29184K, used 24576K [0x00000000d5580000, 0x00000000d7680000, 0x0000000100000000)
  eden space 24576K, 100% used [0x00000000d5580000,0x00000000d6d80000,0x00000000d6d80000)
  from space 4608K, 0% used [0x00000000d6e80000,0x00000000d6e80000,0x00000000d7300000)
  to   space 3584K, 0% used [0x00000000d7300000,0x00000000d7300000,0x00000000d7680000)
 ParOldGen       total 68608K, used 12747K [0x0000000080000000, 0x0000000084300000, 0x00000000d5580000)
  object space 68608K, 18% used [0x0000000080000000,0x0000000080c72e68,0x0000000084300000)
 Metaspace       used 22918K, committed 23808K, reserved 1114112K
  class space    used 2385K, committed 2752K, reserved 1048576K
}
Event: 31.441 GC heap after
{Heap after GC invocations=9 (full 1):
 PSYoungGen      total 25088K, used 893K [0x00000000d5580000, 0x00000000d7400000, 0x0000000100000000)
  eden space 24064K, 0% used [0x00000000d5580000,0x00000000d5580000,0x00000000d6d00000)
  from space 1024K, 87% used [0x00000000d7300000,0x00000000d73df468,0x00000000d7400000)
  to   space 2560K, 0% used [0x00000000d6f00000,0x00000000d6f00000,0x00000000d7180000)
 ParOldGen       total 68608K, used 12755K [0x0000000080000000, 0x0000000084300000, 0x00000000d5580000)
  object space 68608K, 18% used [0x0000000080000000,0x0000000080c74e68,0x0000000084300000)
 Metaspace       used 22918K, committed 23808K, reserved 1114112K
  class space    used 2385K, committed 2752K, reserved 1048576K
}
Event: 31.644 GC heap before
{Heap before GC invocations=10 (full 1):
 PSYoungGen      total 25088K, used 24957K [0x00000000d5580000, 0x00000000d7400000, 0x0000000100000000)
  eden space 24064K, 100% used [0x00000000d5580000,0x00000000d6d00000,0x00000000d6d00000)
  from space 1024K, 87% used [0x00000000d7300000,0x00000000d73df468,0x00000000d7400000)
  to   space 2560K, 0% used [0x00000000d6f00000,0x00000000d6f00000,0x00000000d7180000)
 ParOldGen       total 68608K, used 12755K [0x0000000080000000, 0x0000000084300000, 0x00000000d5580000)
  object space 68608K, 18% used [0x0000000080000000,0x0000000080c74e68,0x0000000084300000)
 Metaspace       used 26535K, committed 27520K, reserved 1114112K
  class space    used 2733K, committed 3136K, reserved 1048576K
}
Event: 31.646 GC heap after
{Heap after GC invocations=10 (full 1):
 PSYoungGen      total 26112K, used 1533K [0x00000000d5580000, 0x00000000d7380000, 0x0000000100000000)
  eden space 23552K, 0% used [0x00000000d5580000,0x00000000d5580000,0x00000000d6c80000)
  from space 2560K, 59% used [0x00000000d6f00000,0x00000000d707f468,0x00000000d7180000)
  to   space 2048K, 0% used [0x00000000d7180000,0x00000000d7180000,0x00000000d7380000)
 ParOldGen       total 68608K, used 12763K [0x0000000080000000, 0x0000000084300000, 0x00000000d5580000)
  object space 68608K, 18% used [0x0000000080000000,0x0000000080c76e68,0x0000000084300000)
 Metaspace       used 26535K, committed 27520K, reserved 1114112K
  class space    used 2733K, committed 3136K, reserved 1048576K
}
Event: 31.981 GC heap before
{Heap before GC invocations=11 (full 1):
 PSYoungGen      total 26112K, used 25085K [0x00000000d5580000, 0x00000000d7380000, 0x0000000100000000)
  eden space 23552K, 100% used [0x00000000d5580000,0x00000000d6c80000,0x00000000d6c80000)
  from space 2560K, 59% used [0x00000000d6f00000,0x00000000d707f468,0x00000000d7180000)
  to   space 2048K, 0% used [0x00000000d7180000,0x00000000d7180000,0x00000000d7380000)
 ParOldGen       total 68608K, used 12763K [0x0000000080000000, 0x0000000084300000, 0x00000000d5580000)
  object space 68608K, 18% used [0x0000000080000000,0x0000000080c76e68,0x0000000084300000)
 Metaspace       used 28711K, committed 29632K, reserved 1114112K
  class space    used 2995K, committed 3392K, reserved 1048576K
}
Event: 31.982 GC heap after
{Heap after GC invocations=11 (full 1):
 PSYoungGen      total 24576K, used 1373K [0x00000000d5580000, 0x00000000d7300000, 0x0000000100000000)
  eden space 23040K, 0% used [0x00000000d5580000,0x00000000d5580000,0x00000000d6c00000)
  from space 1536K, 89% used [0x00000000d7180000,0x00000000d72d7620,0x00000000d7300000)
  to   space 1536K, 0% used [0x00000000d7000000,0x00000000d7000000,0x00000000d7180000)
 ParOldGen       total 68608K, used 13490K [0x0000000080000000, 0x0000000084300000, 0x00000000d5580000)
  object space 68608K, 19% used [0x0000000080000000,0x0000000080d2cb10,0x0000000084300000)
 Metaspace       used 28711K, committed 29632K, reserved 1114112K
  class space    used 2995K, committed 3392K, reserved 1048576K
}
Event: 32.182 GC heap before
{Heap before GC invocations=12 (full 1):
 PSYoungGen      total 24576K, used 24413K [0x00000000d5580000, 0x00000000d7300000, 0x0000000100000000)
  eden space 23040K, 100% used [0x00000000d5580000,0x00000000d6c00000,0x00000000d6c00000)
  from space 1536K, 89% used [0x00000000d7180000,0x00000000d72d7620,0x00000000d7300000)
  to   space 1536K, 0% used [0x00000000d7000000,0x00000000d7000000,0x00000000d7180000)
 ParOldGen       total 68608K, used 13490K [0x0000000080000000, 0x0000000084300000, 0x00000000d5580000)
  object space 68608K, 19% used [0x0000000080000000,0x0000000080d2cb10,0x0000000084300000)
 Metaspace       used 30795K, committed 31808K, reserved 1114112K
  class space    used 3172K, committed 3584K, reserved 1048576K
}
Event: 32.185 GC heap after
{Heap after GC invocations=12 (full 1):
 PSYoungGen      total 24064K, used 1499K [0x00000000d5580000, 0x00000000d7200000, 0x0000000100000000)
  eden space 22528K, 0% used [0x00000000d5580000,0x00000000d5580000,0x00000000d6b80000)
  from space 1536K, 97% used [0x00000000d7000000,0x00000000d7176da0,0x00000000d7180000)
  to   space 512K, 0% used [0x00000000d7180000,0x00000000d7180000,0x00000000d7200000)
 ParOldGen       total 68608K, used 15383K [0x0000000080000000, 0x0000000084300000, 0x00000000d5580000)
  object space 68608K, 22% used [0x0000000080000000,0x0000000080f05eb0,0x0000000084300000)
 Metaspace       used 30795K, committed 31808K, reserved 1114112K
  class space    used 3172K, committed 3584K, reserved 1048576K
}
Event: 32.321 GC heap before
{Heap before GC invocations=13 (full 1):
 PSYoungGen      total 24064K, used 24027K [0x00000000d5580000, 0x00000000d7200000, 0x0000000100000000)
  eden space 22528K, 100% used [0x00000000d5580000,0x00000000d6b80000,0x00000000d6b80000)
  from space 1536K, 97% used [0x00000000d7000000,0x00000000d7176da0,0x00000000d7180000)
  to   space 512K, 0% used [0x00000000d7180000,0x00000000d7180000,0x00000000d7200000)
 ParOldGen       total 68608K, used 15383K [0x0000000080000000, 0x0000000084300000, 0x00000000d5580000)
  object space 68608K, 22% used [0x0000000080000000,0x0000000080f05eb0,0x0000000084300000)
 Metaspace       used 31747K, committed 32768K, reserved 1114112K
  class space    used 3286K, committed 3712K, reserved 1048576K
}
Event: 32.322 GC heap after
{Heap after GC invocations=13 (full 1):
 PSYoungGen      total 22528K, used 480K [0x00000000d5580000, 0x00000000d7200000, 0x0000000100000000)
  eden space 22016K, 0% used [0x00000000d5580000,0x00000000d5580000,0x00000000d6b00000)
  from space 512K, 93% used [0x00000000d7180000,0x00000000d71f8010,0x00000000d7200000)
  to   space 2048K, 0% used [0x00000000d6e00000,0x00000000d6e00000,0x00000000d7000000)
 ParOldGen       total 68608K, used 16622K [0x0000000080000000, 0x0000000084300000, 0x00000000d5580000)
  object space 68608K, 24% used [0x0000000080000000,0x000000008103bbb0,0x0000000084300000)
 Metaspace       used 31747K, committed 32768K, reserved 1114112K
  class space    used 3286K, committed 3712K, reserved 1048576K
}
Event: 33.633 GC heap before
{Heap before GC invocations=14 (full 1):
 PSYoungGen      total 22528K, used 22424K [0x00000000d5580000, 0x00000000d7200000, 0x0000000100000000)
  eden space 22016K, 99% used [0x00000000d5580000,0x00000000d6aee030,0x00000000d6b00000)
  from space 512K, 93% used [0x00000000d7180000,0x00000000d71f8010,0x00000000d7200000)
  to   space 2048K, 0% used [0x00000000d6e00000,0x00000000d6e00000,0x00000000d7000000)
 ParOldGen       total 68608K, used 16622K [0x0000000080000000, 0x0000000084300000, 0x00000000d5580000)
  object space 68608K, 24% used [0x0000000080000000,0x000000008103bbb0,0x0000000084300000)
 Metaspace       used 34251K, committed 35200K, reserved 1114112K
  class space    used 3577K, committed 3968K, reserved 1048576K
}
Event: 33.635 GC heap after
{Heap after GC invocations=14 (full 1):
 PSYoungGen      total 24064K, used 1555K [0x00000000d5580000, 0x00000000d7200000, 0x0000000100000000)
  eden space 22016K, 0% used [0x00000000d5580000,0x00000000d5580000,0x00000000d6b00000)
  from space 2048K, 75% used [0x00000000d6e00000,0x00000000d6f84c90,0x00000000d7000000)
  to   space 2048K, 0% used [0x00000000d7000000,0x00000000d7000000,0x00000000d7200000)
 ParOldGen       total 68608K, used 16926K [0x0000000080000000, 0x0000000084300000, 0x00000000d5580000)
  object space 68608K, 24% used [0x0000000080000000,0x0000000081087bf0,0x0000000084300000)
 Metaspace       used 34251K, committed 35200K, reserved 1114112K
  class space    used 3577K, committed 3968K, reserved 1048576K
}
Event: 33.688 GC heap before
{Heap before GC invocations=15 (full 1):
 PSYoungGen      total 24064K, used 5707K [0x00000000d5580000, 0x00000000d7200000, 0x0000000100000000)
  eden space 22016K, 18% used [0x00000000d5580000,0x00000000d598e088,0x00000000d6b00000)
  from space 2048K, 75% used [0x00000000d6e00000,0x00000000d6f84c90,0x00000000d7000000)
  to   space 2048K, 0% used [0x00000000d7000000,0x00000000d7000000,0x00000000d7200000)
 ParOldGen       total 68608K, used 16926K [0x0000000080000000, 0x0000000084300000, 0x00000000d5580000)
  object space 68608K, 24% used [0x0000000080000000,0x0000000081087bf0,0x0000000084300000)
 Metaspace       used 34868K, committed 35840K, reserved 1114112K
  class space    used 3630K, committed 4032K, reserved 1048576K
}
Event: 33.689 GC heap after
{Heap after GC invocations=15 (full 1):
 PSYoungGen      total 22528K, used 320K [0x00000000d5580000, 0x00000000d7080000, 0x0000000100000000)
  eden space 22016K, 0% used [0x00000000d5580000,0x00000000d5580000,0x00000000d6b00000)
  from space 512K, 62% used [0x00000000d7000000,0x00000000d7050000,0x00000000d7080000)
  to   space 1024K, 0% used [0x00000000d6e80000,0x00000000d6e80000,0x00000000d6f80000)
 ParOldGen       total 68608K, used 18158K [0x0000000080000000, 0x0000000084300000, 0x00000000d5580000)
  object space 68608K, 26% used [0x0000000080000000,0x00000000811bb8d0,0x0000000084300000)
 Metaspace       used 34868K, committed 35840K, reserved 1114112K
  class space    used 3630K, committed 4032K, reserved 1048576K
}
Event: 33.689 GC heap before
{Heap before GC invocations=16 (full 2):
 PSYoungGen      total 22528K, used 320K [0x00000000d5580000, 0x00000000d7080000, 0x0000000100000000)
  eden space 22016K, 0% used [0x00000000d5580000,0x00000000d5580000,0x00000000d6b00000)
  from space 512K, 62% used [0x00000000d7000000,0x00000000d7050000,0x00000000d7080000)
  to   space 1024K, 0% used [0x00000000d6e80000,0x00000000d6e80000,0x00000000d6f80000)
 ParOldGen       total 68608K, used 18158K [0x0000000080000000, 0x0000000084300000, 0x00000000d5580000)
  object space 68608K, 26% used [0x0000000080000000,0x00000000811bb8d0,0x0000000084300000)
 Metaspace       used 34868K, committed 35840K, reserved 1114112K
  class space    used 3630K, committed 4032K, reserved 1048576K
}
Event: 33.721 GC heap after
{Heap after GC invocations=16 (full 2):
 PSYoungGen      total 22528K, used 0K [0x00000000d5580000, 0x00000000d7080000, 0x0000000100000000)
  eden space 22016K, 0% used [0x00000000d5580000,0x00000000d5580000,0x00000000d6b00000)
  from space 512K, 0% used [0x00000000d7000000,0x00000000d7000000,0x00000000d7080000)
  to   space 1024K, 0% used [0x00000000d6e80000,0x00000000d6e80000,0x00000000d6f80000)
 ParOldGen       total 68608K, used 17829K [0x0000000080000000, 0x0000000084300000, 0x00000000d5580000)
  object space 68608K, 25% used [0x0000000080000000,0x00000000811694f0,0x0000000084300000)
 Metaspace       used 34868K, committed 35840K, reserved 1114112K
  class space    used 3630K, committed 4032K, reserved 1048576K
}
Event: 34.002 GC heap before
{Heap before GC invocations=17 (full 2):
 PSYoungGen      total 22528K, used 22016K [0x00000000d5580000, 0x00000000d7080000, 0x0000000100000000)
  eden space 22016K, 100% used [0x00000000d5580000,0x00000000d6b00000,0x00000000d6b00000)
  from space 512K, 0% used [0x00000000d7000000,0x00000000d7000000,0x00000000d7080000)
  to   space 1024K, 0% used [0x00000000d6e80000,0x00000000d6e80000,0x00000000d6f80000)
 ParOldGen       total 68608K, used 17829K [0x0000000080000000, 0x0000000084300000, 0x00000000d5580000)
  object space 68608K, 25% used [0x0000000080000000,0x00000000811694f0,0x0000000084300000)
 Metaspace       used 37862K, committed 38848K, reserved 1114112K
  class space    used 4012K, committed 4416K, reserved 1048576K
}
Event: 34.004 GC heap after
{Heap after GC invocations=17 (full 2):
 PSYoungGen      total 23040K, used 993K [0x00000000d5580000, 0x00000000d7080000, 0x0000000100000000)
  eden space 22016K, 0% used [0x00000000d5580000,0x00000000d5580000,0x00000000d6b00000)
  from space 1024K, 97% used [0x00000000d6e80000,0x00000000d6f787c8,0x00000000d6f80000)
  to   space 1024K, 0% used [0x00000000d6f80000,0x00000000d6f80000,0x00000000d7080000)
 ParOldGen       total 68608K, used 18302K [0x0000000080000000, 0x0000000084300000, 0x00000000d5580000)
  object space 68608K, 26% used [0x0000000080000000,0x00000000811df920,0x0000000084300000)
 Metaspace       used 37862K, committed 38848K, reserved 1114112K
  class space    used 4012K, committed 4416K, reserved 1048576K
}

